{"/Users/quangvo/Projects/nextjs/tinmoi/src/pages/index.tsx": {"path":"/Users/quangvo/Projects/nextjs/tinmoi/src/pages/index.tsx","statementMap":{"0":{"start":{"line":1,"column":0},"end":{"line":1,"column":null}},"1":{"start":{"line":3,"column":0},"end":{"line":3,"column":null}},"2":{"start":{"line":6,"column":14},"end":{"line":8,"column":null}},"3":{"start":{"line":7,"column":1},"end":{"line":7,"column":8}},"4":{"start":{"line":10,"column":0},"end":{"line":10,"column":15}}},"fnMap":{"0":{"name":"(anonymous_0)","decl":{"start":{"line":6,"column":14},"end":{"line":6,"column":19}},"loc":{"start":{"line":6,"column":19},"end":{"line":8,"column":null}}}},"branchMap":{},"s":{"0":1,"1":1,"2":1,"3":1,"4":1},"f":{"0":1},"b":{}}
}
